{"level":"info","time":"Jun 19 09:46:13.469","caller":"/env/dev/code/go/stravePanel/backend/utils/downloader.go:57","message":"[download] : Path is Not Exist, Create is. "}
{"level":"error","time":"Jun 20 14:37:05.435","caller":"/env/dev/code/go/stravePanel/backend/utils/downloader.go:172","message":"[download] : FilePath not find:open /env/dev/code/go/stravePanel/download//env/dev/code/go/stravePanel/download/steamcmd_linux.tar.gz-0: no such file or directory"}
{"level":"info","time":"Jun 20 14:37:05.435","caller":"/env/dev/code/go/stravePanel/backend/utils/downloader.go:183","message":"download with singalDownload Success. Save as: /env/dev/code/go/stravePanel/download/steamcmd_linux.tar.gz"}
{"level":"error","time":"Jun 20 14:37:05.858","caller":"/env/dev/code/go/stravePanel/backend/utils/downloader.go:172","message":"[download] : FilePath not find:open /env/dev/code/go/stravePanel/download//env/dev/code/go/stravePanel/download/steamcmd_linux.tar.gz-1: no such file or directory"}
{"level":"info","time":"Jun 20 14:37:05.858","caller":"/env/dev/code/go/stravePanel/backend/utils/downloader.go:183","message":"download with singalDownload Success. Save as: /env/dev/code/go/stravePanel/download/steamcmd_linux.tar.gz"}
{"level":"error","time":"Jun 20 14:38:45.124","caller":"/env/dev/code/go/stravePanel/backend/utils/downloader.go:172","message":"[download] : FilePath not find:open /env/dev/code/go/stravePanel/download//env/dev/code/go/stravePanel/download/steamcmd_linux.tar.gz-0: no such file or directory"}
{"level":"info","time":"Jun 20 14:38:45.124","caller":"/env/dev/code/go/stravePanel/backend/utils/downloader.go:183","message":"download with singalDownload Success. Save as: /env/dev/code/go/stravePanel/download/steamcmd_linux.tar.gz"}
{"level":"error","time":"Jun 20 14:38:48.543","caller":"/env/dev/code/go/stravePanel/backend/utils/downloader.go:172","message":"[download] : FilePath not find:open /env/dev/code/go/stravePanel/download//env/dev/code/go/stravePanel/download/steamcmd_linux.tar.gz-1: no such file or directory"}
{"level":"info","time":"Jun 20 14:38:48.543","caller":"/env/dev/code/go/stravePanel/backend/utils/downloader.go:183","message":"download with singalDownload Success. Save as: /env/dev/code/go/stravePanel/download/steamcmd_linux.tar.gz"}
{"level":"error","time":"Jun 20 14:42:29.707","caller":"/env/dev/code/go/stravePanel/backend/utils/downloader.go:172","message":"[download] : FilePath not find:open /env/dev/code/go/stravePanel/download//env/dev/code/go/stravePanel/download/steamcmd_linux.tar.gz-0: no such file or directory"}
{"level":"info","time":"Jun 20 14:44:41.029","caller":"/env/dev/code/go/stravePanel/backend/utils/downloader.go:183","message":"download with PartialDownload Success. Save as: /env/dev/code/go/stravePanel/download/steamcmd_linux.tar.gz"}
{"level":"error","time":"Jun 20 14:44:41.029","caller":"/env/dev/code/go/stravePanel/backend/utils/downloader.go:165","message":"[download] : Could'd not Send Requset or Server UnAvailable:Get \"https://steamcdn-a.akamaihd.net/client/installer/steamcmd_linux.tar.gz\": unexpected EOF"}
{"level":"error","time":"Jun 20 14:46:02.353","caller":"/env/dev/code/go/stravePanel/backend/utils/downloader.go:172","message":"[download] : FilePath not find:open /env/dev/code/go/stravePanel/download//env/dev/code/go/stravePanel/download/steamcmd_linux.tar.gz-0: no such file or directory"}
{"level":"info","time":"Jun 20 14:46:02.354","caller":"/env/dev/code/go/stravePanel/backend/utils/downloader.go:183","message":"download with PartialDownload Success. Save as: /env/dev/code/go/stravePanel/download/steamcmd_linux.tar.gz"}
{"level":"error","time":"Jun 20 14:46:03.393","caller":"/env/dev/code/go/stravePanel/backend/utils/downloader.go:165","message":"[download] : Could'd not Send Requset or Server UnAvailable:Get \"https://steamcdn-a.akamaihd.net/client/installer/steamcmd_linux.tar.gz\": read tcp 10.0.20.5:47098->23.32.248.57:443: read: connection reset by peer"}
{"level":"info","time":"Jun 20 14:52:05.492","caller":"/env/dev/code/go/stravePanel/backend/utils/downloader.go:183","message":"download with PartialDownload Success. Save as: /env/dev/code/go/stravePanel/download/steamcmd_linux.tar.gz"}
{"level":"info","time":"Jun 20 14:52:05.894","caller":"/env/dev/code/go/stravePanel/backend/utils/downloader.go:183","message":"download with PartialDownload Success. Save as: /env/dev/code/go/stravePanel/download/steamcmd_linux.tar.gz"}
{"level":"info","time":"Jun 20 14:52:44.052","caller":"/env/dev/code/go/stravePanel/backend/utils/downloader.go:57","message":"[download] : Path is Not Exist, Create is. "}
{"level":"info","time":"Jun 20 14:53:22.007","caller":"/env/dev/code/go/stravePanel/backend/utils/downloader.go:183","message":"download with PartialDownload Success. Save as: /env/dev/code/go/stravePanel/download/steamcmd_linux.tar.gz"}
{"level":"info","time":"Jun 20 14:53:24.481","caller":"/env/dev/code/go/stravePanel/backend/utils/downloader.go:183","message":"download with PartialDownload Success. Save as: /env/dev/code/go/stravePanel/download/steamcmd_linux.tar.gz"}
{"level":"info","time":"Jun 20 14:54:56.047","caller":"/env/dev/code/go/stravePanel/backend/utils/downloader.go:183","message":"download with PartialDownload Success. Save as: /env/dev/code/go/stravePanel/download/steamcmd_linux.tar.gz"}
{"level":"info","time":"Jun 20 14:54:58.497","caller":"/env/dev/code/go/stravePanel/backend/utils/downloader.go:183","message":"download with PartialDownload Success. Save as: /env/dev/code/go/stravePanel/download/steamcmd_linux.tar.gz"}
{"level":"info","time":"Jun 20 14:58:00.956","caller":"/env/dev/code/go/stravePanel/backend/utils/downloader.go:184","message":"download with PartialDownload Success. Save as: /env/dev/code/go/stravePanel/download/steamcmd_linux.tar.gz"}
{"level":"info","time":"Jun 20 14:58:00.957","caller":"/env/dev/code/go/stravePanel/backend/utils/downloader.go:184","message":"download with PartialDownload Success. Save as: /env/dev/code/go/stravePanel/download/steamcmd_linux.tar.gz"}
{"level":"error","time":"Jun 20 15:04:11.188","caller":"/env/dev/code/go/stravePanel/backend/utils/downloader.go:134","message":"[download] : Merge File Faild."}
{"level":"info","time":"Jun 20 15:04:49.080","caller":"/env/dev/code/go/stravePanel/backend/utils/downloader.go:127","message":"download with singalDownload Success. Save as: /env/dev/code/go/stravePanel/download/steamcmd_linux.tar.gz"}
{"level":"info","time":"Jun 20 15:08:52.755","caller":"/env/dev/code/go/stravePanel/backend/utils/downloader.go:57","message":"[download] : Path is Not Exist, Create is. "}
{"level":"info","time":"Jun 20 15:09:09.701","caller":"/env/dev/code/go/stravePanel/backend/utils/downloader.go:184","message":"download with PartialDownload Success. Save as: /env/dev/code/go/stravePanel/download/steamcmd_linux.tar.gz"}
{"level":"info","time":"Jun 20 15:09:43.880","caller":"/env/dev/code/go/stravePanel/backend/utils/downloader.go:184","message":"download with PartialDownload Success. Save as: /env/dev/code/go/stravePanel/download/steamcmd_linux.tar.gz"}
{"level":"info","time":"Jun 20 15:13:25.012","caller":"/env/dev/code/go/stravePanel/backend/utils/downloader.go:184","message":"download with PartialDownload Success. Save as: /env/dev/code/go/stravePanel/download/steamcmd_linux.tar.gz"}
{"level":"info","time":"Jun 20 15:13:25.013","caller":"/env/dev/code/go/stravePanel/backend/utils/downloader.go:184","message":"download with PartialDownload Success. Save as: /env/dev/code/go/stravePanel/download/steamcmd_linux.tar.gz"}
{"level":"info","time":"Jun 20 15:14:27.163","caller":"/env/dev/code/go/stravePanel/backend/utils/downloader.go:184","message":"download with PartialDownload Success. Save as: /env/dev/code/go/stravePanel/download/steamcmd_linux.tar.gz"}
{"level":"info","time":"Jun 20 15:14:51.781","caller":"/env/dev/code/go/stravePanel/backend/utils/downloader.go:57","message":"[download] : Path is Not Exist, Create is. "}
{"level":"info","time":"Jun 20 15:14:53.314","caller":"/env/dev/code/go/stravePanel/backend/utils/downloader.go:184","message":"download with PartialDownload Success. Save as: /env/dev/code/go/stravePanel/download/steamcmd_linux.tar.gz"}
{"level":"info","time":"Jun 20 15:15:52.406","caller":"/env/dev/code/go/stravePanel/backend/utils/downloader.go:184","message":"[download] : with PartialDownload Success. Save as: /env/dev/code/go/stravePanel/download/steamcmd_linux.tar.gz"}
{"level":"info","time":"Jun 20 15:15:53.975","caller":"/env/dev/code/go/stravePanel/backend/utils/downloader.go:184","message":"[download] : with PartialDownload Success. Save as: /env/dev/code/go/stravePanel/download/steamcmd_linux.tar.gz"}
{"level":"info","time":"Jun 20 15:15:54.297","caller":"/env/dev/code/go/stravePanel/backend/utils/downloader.go:184","message":"[download] : with PartialDownload Success. Save as: /env/dev/code/go/stravePanel/download/steamcmd_linux.tar.gz"}
{"level":"info","time":"Jun 20 15:16:27.009","caller":"/env/dev/code/go/stravePanel/backend/utils/downloader.go:57","message":"[download] : Path is Not Exist, Create is. "}
{"level":"info","time":"Jun 20 15:37:35.512","caller":"/env/dev/code/go/stravePanel/backend/utils/downloader.go:184","message":"[download] : with PartialDownload Success. Save as: /env/dev/code/go/stravePanel/download/steamcmd_linux.tar.gz"}
{"level":"info","time":"Jun 20 15:37:36.740","caller":"/env/dev/code/go/stravePanel/backend/utils/downloader.go:184","message":"[download] : with PartialDownload Success. Save as: /env/dev/code/go/stravePanel/download/steamcmd_linux.tar.gz"}
{"level":"info","time":"Jun 20 15:40:23.642","caller":"/env/dev/code/go/stravePanel/backend/utils/downloader.go:184","message":"[download] : with PartialDownload Success. Save as: /env/dev/code/go/stravePanel/download/steamcmd_linux.tar.gz"}
{"level":"info","time":"Jun 20 15:40:37.108","caller":"/env/dev/code/go/stravePanel/backend/utils/downloader.go:184","message":"[download] : with PartialDownload Success. Save as: /env/dev/code/go/stravePanel/download/steamcmd_linux.tar.gz"}
{"level":"info","time":"Jun 20 15:43:11.044","caller":"/env/dev/code/go/stravePanel/backend/utils/downloader.go:185","message":"[download] : with PartialDownload Success. Save as: /env/dev/code/go/stravePanel/download/steamcmd_linux.tar.gz"}
{"level":"info","time":"Jun 20 15:43:11.045","caller":"/env/dev/code/go/stravePanel/backend/utils/downloader.go:185","message":"[download] : with PartialDownload Success. Save as: /env/dev/code/go/stravePanel/download/steamcmd_linux.tar.gz"}
{"level":"error","time":"Jun 20 15:43:11.047","caller":"/env/dev/code/go/stravePanel/backend/utils/downloader.go:143","message":"[download] : Merge Error, Can't Find File:/env/dev/code/go/stravePanel/download/steamcmd_linux.tar.gz-2"}
{"level":"info","time":"Jun 20 15:48:49.442","caller":"/env/dev/code/go/stravePanel/backend/utils/downloader.go:185","message":"[download] : with PartialDownload Success. Save as: /env/dev/code/go/stravePanel/download/steamcmd_linux.tar.gz\u0001"}
{"level":"info","time":"Jun 20 15:48:49.865","caller":"/env/dev/code/go/stravePanel/backend/utils/downloader.go:185","message":"[download] : with PartialDownload Success. Save as: /env/dev/code/go/stravePanel/download/steamcmd_linux.tar.gz\u0000"}
{"level":"error","time":"Jun 20 15:48:49.866","caller":"/env/dev/code/go/stravePanel/backend/utils/downloader.go:143","message":"[download] : Merge Error, Can't Find File:/env/dev/code/go/stravePanel/download/steamcmd_linux.tar.gz-2"}
{"level":"info","time":"Jun 20 15:49:49.125","caller":"/env/dev/code/go/stravePanel/backend/utils/downloader.go:186","message":"[download] : with PartialDownload Success. Save as: /env/dev/code/go/stravePanel/download/steamcmd_linux.tar.gz0"}
{"level":"info","time":"Jun 20 15:49:51.146","caller":"/env/dev/code/go/stravePanel/backend/utils/downloader.go:186","message":"[download] : with PartialDownload Success. Save as: /env/dev/code/go/stravePanel/download/steamcmd_linux.tar.gz1"}
{"level":"error","time":"Jun 20 15:49:51.148","caller":"/env/dev/code/go/stravePanel/backend/utils/downloader.go:144","message":"[download] : Merge Error, Can't Find File:/env/dev/code/go/stravePanel/download/steamcmd_linux.tar.gz-2"}
{"level":"info","time":"Jun 20 15:50:40.170","caller":"/env/dev/code/go/stravePanel/backend/utils/downloader.go:186","message":"[download] : with PartialDownload Success. Save as: /env/dev/code/go/stravePanel/download/steamcmd_linux.tar.gz-1"}
{"level":"info","time":"Jun 20 15:50:40.416","caller":"/env/dev/code/go/stravePanel/backend/utils/downloader.go:186","message":"[download] : with PartialDownload Success. Save as: /env/dev/code/go/stravePanel/download/steamcmd_linux.tar.gz-3"}
{"level":"error","time":"Jun 20 15:50:40.418","caller":"/env/dev/code/go/stravePanel/backend/utils/downloader.go:144","message":"[download] : Merge Error, Can't Find File:/env/dev/code/go/stravePanel/download/steamcmd_linux.tar.gz-2"}
{"level":"info","time":"Jun 20 15:51:36.025","caller":"/env/dev/code/go/stravePanel/backend/utils/downloader.go:186","message":"[download] : with PartialDownload Success. Save as: /env/dev/code/go/stravePanel/download/steamcmd_linux.tar.gz-1"}
{"level":"info","time":"Jun 20 15:51:36.872","caller":"/env/dev/code/go/stravePanel/backend/utils/downloader.go:186","message":"[download] : with PartialDownload Success. Save as: /env/dev/code/go/stravePanel/download/steamcmd_linux.tar.gz-0"}
{"level":"error","time":"Jun 20 15:51:36.875","caller":"/env/dev/code/go/stravePanel/backend/utils/downloader.go:144","message":"[download] : Merge Error, Can't Find File:/env/dev/code/go/stravePanel/download/steamcmd_linux.tar.gz-2"}
{"level":"info","time":"Jun 20 16:09:28.508","caller":"/env/dev/code/go/stravePanel/backend/utils/downloader.go:142","message":"download with singalDownload Success. Save as: /env/dev/code/go/stravePanel/download/steamcmd_linux.tar.gz"}
